<?xml version="1.0" encoding="UTF-8"?>
<!-- Generated by org.testng.reporters.JUnitReportReporter -->
<testsuite hostname="DESKTOP-OJ9MCVM" failures="0" tests="1" name="testClassPackage.Post_tc3" time="1.168" errors="0" timestamp="2023-05-24T18:45:08 IST" skipped="0">
  <testcase classname="testClassPackage.Post_tc3" name="execute" time="1.168"/>
  <system-out/>
</testsuite> <!-- testClassPackage.Post_tc3 -->
